<?xml version="1.0" encoding="UTF-8"?>
<!-- Generated by org.testng.reporters.JUnitReportReporter -->
<testsuite skipped="0" hostname="ATMECSINLT-647" name="com.learning.testcases.AddCustomerTest" tests="3" failures="0" timestamp="2020-12-30T12:29:47 IST" time="11.023" errors="0">
  <testcase name="addCustomer" time="3.444" classname="com.learning.testcases.AddCustomerTest"/>
  <system-out/>
  <testcase name="addCustomer" time="4.065" classname="com.learning.testcases.AddCustomerTest"/>
  <system-out/>
  <testcase name="addCustomer" time="3.514" classname="com.learning.testcases.AddCustomerTest"/>
  <system-out/>
</testsuite> <!-- com.learning.testcases.AddCustomerTest -->
