<?xml version="1.0" encoding="UTF-8"?>
<!-- Generated by org.testng.reporters.JUnitReportReporter -->
<testsuite skipped="0" hostname="ATMECSINLT-647" name="com.learning.testcases.LoginTest" tests="1" failures="0" timestamp="2020-12-30T01:14:58 IST" time="3.245" errors="0">
  <testcase name="loginAsBankManager" time="3.245" classname="com.learning.testcases.LoginTest"/>
  <system-out/>
</testsuite> <!-- com.learning.testcases.LoginTest -->
