<?xml version="1.0" encoding="UTF-8"?>
<!-- Generated by org.testng.reporters.JUnitReportReporter -->
<testsuite skipped="1" hostname="ATMECSINLT-647" name="com.learning.testcases.AddCustomerTest" tests="3" failures="0" timestamp="2020-12-31T16:36:08 IST" time="8.687" errors="0">
  <testcase name="addCustomerTest" time="3.423" classname="com.learning.testcases.AddCustomerTest"/>
  <system-out/>
  <testcase name="addCustomerTest" time="0.000" classname="com.learning.testcases.AddCustomerTest">
    <skipped/>
  </testcase> <!-- addCustomerTest -->
  <system-out/>
  <testcase name="addCustomerTest" time="5.264" classname="com.learning.testcases.AddCustomerTest"/>
  <system-out/>
</testsuite> <!-- com.learning.testcases.AddCustomerTest -->
