<?xml version="1.0" encoding="UTF-8"?>
<!-- Generated by org.testng.reporters.JUnitReportReporter -->
<testsuite skipped="1" hostname="ATMECSINLT-647" name="com.learning.testcases.OpenAccountTest" tests="3" failures="0" timestamp="2020-12-31T16:36:08 IST" time="7.624" errors="0">
  <testcase name="openAccountTest" time="3.299" classname="com.learning.testcases.OpenAccountTest"/>
  <system-out/>
  <testcase name="openAccountTest" time="4.325" classname="com.learning.testcases.OpenAccountTest"/>
  <system-out/>
  <testcase name="openAccountTest" time="0.000" classname="com.learning.testcases.OpenAccountTest">
    <skipped/>
  </testcase> <!-- openAccountTest -->
  <system-out/>
</testsuite> <!-- com.learning.testcases.OpenAccountTest -->
